android/app/build/intermediates/manifest_merge_blame_file/release/processReleaseMainManifest/manifest-merger-blame-release-report.txt
1<?xml version="1.0" encoding="utf-8"?>
2<manifest xmlns:android="http://schemas.android.com/apk/res/android"
3    package="com.parallaxgen"
4    android:versionCode="1"
5    android:versionName="1.0.0" >
6
7    <uses-sdk
8        android:minSdkVersion="26"
9        android:targetSdkVersion="35" />
10
11    <uses-feature
11-->src\main\AndroidManifest.xml:4:5-95
12        android:name="android.hardware.sensor.gyroscope"
12-->src\main\AndroidManifest.xml:4:19-67
13        android:required="false" />
13-->src\main\AndroidManifest.xml:4:68-92
14
15    <permission
15-->[androidx.core:core:1.15.0] AndroidManifest.xml:22:5-24:47
16        android:name="com.parallaxgen.DYNAMIC_RECEIVER_NOT_EXPORTED_PERMISSION"
16-->[androidx.core:core:1.15.0] AndroidManifest.xml:23:9-81
17        android:protectionLevel="signature" />
17-->[androidx.core:core:1.15.0] AndroidManifest.xml:24:9-44
18
19    <uses-permission android:name="com.parallaxgen.DYNAMIC_RECEIVER_NOT_EXPORTED_PERMISSION" />
19-->[androidx.core:core:1.15.0] AndroidManifest.xml:26:5-97
19-->[androidx.core:core:1.15.0] AndroidManifest.xml:26:22-94
20
21    <application
21-->src\main\AndroidManifest.xml:6:5-44:19
22        android:allowBackup="true"
22-->src\main\AndroidManifest.xml:7:9-35
23        android:appComponentFactory="androidx.core.app.CoreComponentFactory"
23-->[androidx.core:core:1.15.0] AndroidManifest.xml:28:18-86
24        android:extractNativeLibs="false"
25        android:icon="@android:drawable/sym_def_app_icon"
25-->src\main\AndroidManifest.xml:8:9-58
26        android:label="@string/app_name"
26-->src\main\AndroidManifest.xml:9:9-41
27        android:roundIcon="@android:drawable/sym_def_app_icon"
27-->src\main\AndroidManifest.xml:10:9-63
28        android:supportsRtl="true"
28-->src\main\AndroidManifest.xml:11:9-35
29        android:theme="@style/Theme.ParallaxGen" >
29-->src\main\AndroidManifest.xml:12:9-49
30        <activity
30-->src\main\AndroidManifest.xml:14:9-21:20
31            android:name="com.parallaxgen.ui.WallpaperPickerActivity"
31-->src\main\AndroidManifest.xml:15:13-55
32            android:exported="true" >
32-->src\main\AndroidManifest.xml:16:13-36
33            <intent-filter>
33-->src\main\AndroidManifest.xml:17:13-20:29
34                <action android:name="android.intent.action.MAIN" />
34-->src\main\AndroidManifest.xml:18:17-69
34-->src\main\AndroidManifest.xml:18:25-66
35
36                <category android:name="android.intent.category.LAUNCHER" />
36-->src\main\AndroidManifest.xml:19:17-77
36-->src\main\AndroidManifest.xml:19:27-74
37            </intent-filter>
38        </activity>
39        <activity
39-->src\main\AndroidManifest.xml:23:9-25:40
40            android:name="com.parallaxgen.spatial.SpatialSceneActivity"
40-->src\main\AndroidManifest.xml:24:13-57
41            android:exported="false" />
41-->src\main\AndroidManifest.xml:25:13-37
42        <activity
42-->src\main\AndroidManifest.xml:27:9-30:56
43            android:name="com.parallaxgen.ui.WallpaperPreviewActivity"
43-->src\main\AndroidManifest.xml:28:13-56
44            android:exported="false"
44-->src\main\AndroidManifest.xml:29:13-37
45            android:theme="@style/Theme.ParallaxGen" />
45-->src\main\AndroidManifest.xml:30:13-53
46
47        <service
47-->src\main\AndroidManifest.xml:32:9-43:19
48            android:name="com.parallaxgen.wallpaper.ParallaxWallpaperService"
48-->src\main\AndroidManifest.xml:33:13-63
49            android:exported="true"
49-->src\main\AndroidManifest.xml:34:13-36
50            android:label="@string/wallpaper_service_name"
50-->src\main\AndroidManifest.xml:35:13-59
51            android:permission="android.permission.BIND_WALLPAPER" >
51-->src\main\AndroidManifest.xml:36:13-67
52            <intent-filter>
52-->src\main\AndroidManifest.xml:37:13-39:29
53                <action android:name="android.service.wallpaper.WallpaperService" />
53-->src\main\AndroidManifest.xml:38:17-85
53-->src\main\AndroidManifest.xml:38:25-82
54            </intent-filter>
55
56            <meta-data
56-->src\main\AndroidManifest.xml:40:13-42:53
57                android:name="android.service.wallpaper"
57-->src\main\AndroidManifest.xml:41:17-57
58                android:resource="@xml/wallpaper" />
58-->src\main\AndroidManifest.xml:42:17-50
59        </service>
60
61        <provider
61-->[androidx.emoji2:emoji2:1.3.0] AndroidManifest.xml:24:9-32:20
62            android:name="androidx.startup.InitializationProvider"
62-->[androidx.emoji2:emoji2:1.3.0] AndroidManifest.xml:25:13-67
63            android:authorities="com.parallaxgen.androidx-startup"
63-->[androidx.emoji2:emoji2:1.3.0] AndroidManifest.xml:26:13-68
64            android:exported="false" >
64-->[androidx.emoji2:emoji2:1.3.0] AndroidManifest.xml:27:13-37
65            <meta-data
65-->[androidx.emoji2:emoji2:1.3.0] AndroidManifest.xml:29:13-31:52
66                android:name="androidx.emoji2.text.EmojiCompatInitializer"
66-->[androidx.emoji2:emoji2:1.3.0] AndroidManifest.xml:30:17-75
67                android:value="androidx.startup" />
67-->[androidx.emoji2:emoji2:1.3.0] AndroidManifest.xml:31:17-49
68            <meta-data
68-->[androidx.lifecycle:lifecycle-process:2.8.7] AndroidManifest.xml:29:13-31:52
69                android:name="androidx.lifecycle.ProcessLifecycleInitializer"
69-->[androidx.lifecycle:lifecycle-process:2.8.7] AndroidManifest.xml:30:17-78
70                android:value="androidx.startup" />
70-->[androidx.lifecycle:lifecycle-process:2.8.7] AndroidManifest.xml:31:17-49
71            <meta-data
71-->[androidx.profileinstaller:profileinstaller:1.4.0] AndroidManifest.xml:29:13-31:52
72                android:name="androidx.profileinstaller.ProfileInstallerInitializer"
72-->[androidx.profileinstaller:profileinstaller:1.4.0] AndroidManifest.xml:30:17-85
73                android:value="androidx.startup" />
73-->[androidx.profileinstaller:profileinstaller:1.4.0] AndroidManifest.xml:31:17-49
74        </provider>
75
76        <receiver
76-->[androidx.profileinstaller:profileinstaller:1.4.0] AndroidManifest.xml:34:9-52:20
77            android:name="androidx.profileinstaller.ProfileInstallReceiver"
77-->[androidx.profileinstaller:profileinstaller:1.4.0] AndroidManifest.xml:35:13-76
78            android:directBootAware="false"
78-->[androidx.profileinstaller:profileinstaller:1.4.0] AndroidManifest.xml:36:13-44
79            android:enabled="true"
79-->[androidx.profileinstaller:profileinstaller:1.4.0] AndroidManifest.xml:37:13-35
80            android:exported="true"
80-->[androidx.profileinstaller:profileinstaller:1.4.0] AndroidManifest.xml:38:13-36
81            android:permission="android.permission.DUMP" >
81-->[androidx.profileinstaller:profileinstaller:1.4.0] AndroidManifest.xml:39:13-57
82            <intent-filter>
82-->[androidx.profileinstaller:profileinstaller:1.4.0] AndroidManifest.xml:40:13-42:29
83                <action android:name="androidx.profileinstaller.action.INSTALL_PROFILE" />
83-->[androidx.profileinstaller:profileinstaller:1.4.0] AndroidManifest.xml:41:17-91
83-->[androidx.profileinstaller:profileinstaller:1.4.0] AndroidManifest.xml:41:25-88
84            </intent-filter>
85            <intent-filter>
85-->[androidx.profileinstaller:profileinstaller:1.4.0] AndroidManifest.xml:43:13-45:29
86                <action android:name="androidx.profileinstaller.action.SKIP_FILE" />
86-->[androidx.profileinstaller:profileinstaller:1.4.0] AndroidManifest.xml:44:17-85
86-->[androidx.profileinstaller:profileinstaller:1.4.0] AndroidManifest.xml:44:25-82
87            </intent-filter>
88            <intent-filter>
88-->[androidx.profileinstaller:profileinstaller:1.4.0] AndroidManifest.xml:46:13-48:29
89                <action android:name="androidx.profileinstaller.action.SAVE_PROFILE" />
89-->[androidx.profileinstaller:profileinstaller:1.4.0] AndroidManifest.xml:47:17-88
89-->[androidx.profileinstaller:profileinstaller:1.4.0] AndroidManifest.xml:47:25-85
90            </intent-filter>
91            <intent-filter>
91-->[androidx.profileinstaller:profileinstaller:1.4.0] AndroidManifest.xml:49:13-51:29
92                <action android:name="androidx.profileinstaller.action.BENCHMARK_OPERATION" />
92-->[androidx.profileinstaller:profileinstaller:1.4.0] AndroidManifest.xml:50:17-95
92-->[androidx.profileinstaller:profileinstaller:1.4.0] AndroidManifest.xml:50:25-92
93            </intent-filter>
94        </receiver>
95    </application>
96
97</manifest>